#
# A fatal error has been detected by the Java Runtime Environment:
#
#  EXCEPTION_ACCESS_VIOLATION (0xc0000005) at pc=0x0000000059c4b564, pid=9188, tid=0x000000000000220c
#
# JRE version: Java(TM) SE Runtime Environment (8.0_121-b13) (build 1.8.0_121-b13)
# Java VM: Java HotSpot(TM) 64-Bit Server VM (25.121-b13 mixed mode windows-amd64 compressed oops)
# Problematic frame:
# V  [jvm.dll+0x13b564]
#
# Failed to write core dump. Minidumps are not enabled by default on client versions of Windows
#
# If you would like to submit a bug report, please visit:
#   http://bugreport.java.com/bugreport/crash.jsp
#

---------------  T H R E A D  ---------------

Current thread (0x00000000154d8800):  JavaThread "C2 CompilerThread1" daemon [_thread_in_native, id=8716, stack(0x0000000016b20000,0x0000000016c20000)]

siginfo: ExceptionCode=0xc0000005, reading address 0xffffffffffffffff

Registers:
RAX=0x000000001addb880, RBX=0x00000000000006a9, RCX=0x0001000016ecfbb0, RDX=0x0000000016ecfbb0
RSP=0x0000000016c1f2e0, RBP=0x0000000016c1f4b0, RSI=0x0000000017a0bfd0, RDI=0x0000000000003548
R8 =0x000000005a102e95, R9 =0x000000005a3b0000, R10=0x0000000000000000, R11=0x0000000000000200
R12=0x0000000000000000, R13=0x0000000000000000, R14=0x0000000016e380a0, R15=0x0000000000000000
RIP=0x0000000059c4b564, EFLAGS=0x0000000000010202

Top of Stack: (sp=0x0000000016c1f2e0)
0x0000000016c1f2e0:   0000000016c1f5a0 0000000059da6268
0x0000000016c1f2f0:   0000000000000000 0000000016c1f470
0x0000000016c1f300:   00000000154d8800 0000000059b52441
0x0000000016c1f310:   0000f6f0ea8e3651 0000000059d55b1d
0x0000000016c1f320:   0000000760a50bd4 0000000000007100
0x0000000016c1f330:   00000000154d8800 0000000059b3f135
0x0000000016c1f340:   00000000154d8800 0000000000000000
0x0000000016c1f350:   0000000059da6200 00000000067d6a10
0x0000000016c1f360:   0000000000007100 0000000059bb5ec4
0x0000000016c1f370:   0000000002d012d0 00000000154d8800
0x0000000016c1f380:   0000000016c1f470 00000000154d8800
0x0000000016c1f390:   0000000005b84d00 0000000059ba905e
0x0000000016c1f3a0:   0000000005b84de0 0000000005b84c50
0x0000000016c1f3b0:   0000000005b84c50 0000000000000000
0x0000000016c1f3c0:   00000000154967e0 000000001e25b6b8
0x0000000016c1f3d0:   00000000154d8800 0000000005b84c00 

Instructions: (pc=0x0000000059c4b564)
0x0000000059c4b544:   0f b7 41 02 48 83 c1 02 66 85 c0 78 05 e8 1a 57
0x0000000059c4b554:   0c 00 48 83 c4 28 c3 cc cc cc cc cc 48 83 ec 28
0x0000000059c4b564:   0f b7 41 02 48 83 c1 02 66 85 c0 78 05 e8 0a 57
0x0000000059c4b574:   0c 00 48 83 c4 28 c3 cc cc cc cc cc 48 89 5c 24 


Register to memory mapping:

RAX=0x000000001addb880 is an unknown value
RBX=0x00000000000006a9 is an unknown value
RCX=0x0001000016ecfbb0 is an unknown value
RDX=0x0000000016ecfbb0 is an unknown value
RSP=0x0000000016c1f2e0 is pointing into the stack for thread: 0x00000000154d8800
RBP=0x0000000016c1f4b0 is pointing into the stack for thread: 0x00000000154d8800
RSI=0x0000000017a0bfd0 is an unknown value
RDI=0x0000000000003548 is an unknown value
R8 =0x000000005a102e95 is an unknown value
R9 =0x000000005a3b0000 is an unknown value
R10=0x0000000000000000 is an unknown value
R11=0x0000000000000200 is an unknown value
R12=0x0000000000000000 is an unknown value
R13=0x0000000000000000 is an unknown value
R14=0x0000000016e380a0 is an unknown value
R15=0x0000000000000000 is an unknown value


Stack: [0x0000000016b20000,0x0000000016c20000],  sp=0x0000000016c1f2e0,  free space=1020k
Native frames: (J=compiled Java code, j=interpreted, Vv=VM code, C=native code)
V  [jvm.dll+0x13b564]
V  [jvm.dll+0x42441]
V  [jvm.dll+0x2f135]
V  [jvm.dll+0xa5ec4]
V  [jvm.dll+0xa65df]
V  [jvm.dll+0x244e1f]
V  [jvm.dll+0x29c69a]
C  [msvcr100.dll+0x21d9f]
C  [msvcr100.dll+0x21e3b]
C  [KERNEL32.DLL+0x12d92]
C  [ntdll.dll+0x9f64]


Current CompileTask:
C2:12508251 29655       4       scalax.io.support.FileUtils$::randomAccessFile (155 bytes)


---------------  P R O C E S S  ---------------

Java Threads: ( => current thread )
  0x000000001dc02800 JavaThread "Thread-121" [_thread_in_native, id=4936, stack(0x0000000027c60000,0x0000000027d60000)]
  0x000000001dc01000 JavaThread "Thread-120" [_thread_in_native, id=13620, stack(0x0000000027b60000,0x0000000027c60000)]
  0x000000001dc03800 JavaThread "pool-239-thread-6" [_thread_blocked, id=14852, stack(0x0000000027760000,0x0000000027860000)]
  0x000000001dbf8000 JavaThread "pool-239-thread-5" [_thread_blocked, id=14748, stack(0x0000000026260000,0x0000000026360000)]
  0x000000001dbff000 JavaThread "pool-239-thread-4" [_thread_blocked, id=15204, stack(0x0000000022f30000,0x0000000023030000)]
  0x000000001dbf7800 JavaThread "pool-239-thread-3" [_thread_in_native, id=13512, stack(0x0000000021a30000,0x0000000021b30000)]
  0x000000001dbfe000 JavaThread "pool-239-thread-2" [_thread_blocked, id=10696, stack(0x0000000021530000,0x0000000021630000)]
  0x000000001dbf6800 JavaThread "pool-239-thread-1" [_thread_blocked, id=11420, stack(0x000000001e320000,0x000000001e420000)]
  0x000000001dbfd800 JavaThread "play-akka.actor.default-dispatcher-56" [_thread_blocked, id=13924, stack(0x0000000020d30000,0x0000000020e30000)]
  0x000000001dbff800 JavaThread "play-internal-execution-context-19" daemon [_thread_blocked, id=11272, stack(0x0000000028070000,0x0000000028170000)]
  0x000000001dbfb000 JavaThread "net.sf.ehcache.CacheManager@3795af0" daemon [_thread_blocked, id=1288, stack(0x0000000020670000,0x0000000020770000)]
  0x000000001dbfc800 JavaThread "BoneCP-pool-watch-thread" daemon [_thread_blocked, id=12520, stack(0x000000001a6e0000,0x000000001a7e0000)]
  0x000000001dbf9800 JavaThread "BoneCP-max-alive-scheduler" daemon [_thread_blocked, id=10992, stack(0x0000000002b00000,0x0000000002c00000)]
  0x000000001dbfa800 JavaThread "BoneCP-keep-alive-scheduler" daemon [_thread_blocked, id=12988, stack(0x0000000000e50000,0x0000000000f50000)]
  0x0000000018daf000 JavaThread "Scala Presentation Compiler []" daemon [_thread_blocked, id=5308, stack(0x000000001cb50000,0x000000001cc50000)]
  0x0000000018db5800 JavaThread "Thread-7" daemon [_thread_in_native, id=3772, stack(0x000000001e720000,0x000000001e820000)]
  0x0000000018db8800 JavaThread "Timer-0" [_thread_blocked, id=5796, stack(0x0000000021330000,0x0000000021430000)]
  0x0000000018dae000 JavaThread "play-scheduler-1" [_thread_blocked, id=9172, stack(0x0000000020c30000,0x0000000020d30000)]
  0x0000000018db1000 JavaThread "Abandoned connection cleanup thread" daemon [_thread_blocked, id=1608, stack(0x0000000000f70000,0x0000000001070000)]
  0x0000000018db3800 JavaThread "New I/O server boss #9" [_thread_in_native, id=8304, stack(0x000000001f920000,0x000000001fa20000)]
  0x0000000018ca4800 JavaThread "New I/O worker #8" [_thread_in_native, id=456, stack(0x000000001f820000,0x000000001f920000)]
  0x0000000018ca3000 JavaThread "New I/O worker #7" [_thread_in_native, id=728, stack(0x000000001f720000,0x000000001f820000)]
  0x0000000018ca1800 JavaThread "New I/O worker #6" [_thread_in_native, id=7960, stack(0x000000001f620000,0x000000001f720000)]
  0x0000000018ca2800 JavaThread "New I/O worker #5" [_thread_in_native, id=6692, stack(0x000000001f520000,0x000000001f620000)]
  0x0000000018dbe800 JavaThread "New I/O worker #4" [_thread_in_native, id=7884, stack(0x000000001f420000,0x000000001f520000)]
  0x000000001ad4a000 JavaThread "New I/O worker #3" [_thread_in_native, id=3740, stack(0x000000001f320000,0x000000001f420000)]
  0x0000000016ee1000 JavaThread "New I/O worker #2" [_thread_blocked, id=8324, stack(0x000000001f220000,0x000000001f320000)]
  0x00000000188a6000 JavaThread "New I/O worker #1" [_thread_in_native, id=1452, stack(0x000000001f120000,0x000000001f220000)]
  0x000000001c826800 JavaThread "pool-4-thread-2" [_thread_in_native, id=5012, stack(0x000000001a7e0000,0x000000001a8e0000)]
  0x0000000015507800 JavaThread "Service Thread" daemon [_thread_blocked, id=8184, stack(0x0000000016d20000,0x0000000016e20000)]
  0x00000000154da800 JavaThread "C1 CompilerThread2" daemon [_thread_blocked, id=420, stack(0x0000000016c20000,0x0000000016d20000)]
=>0x00000000154d8800 JavaThread "C2 CompilerThread1" daemon [_thread_in_native, id=8716, stack(0x0000000016b20000,0x0000000016c20000)]
  0x00000000154d3800 JavaThread "C2 CompilerThread0" daemon [_thread_blocked, id=4116, stack(0x0000000016a20000,0x0000000016b20000)]
  0x00000000154cd000 JavaThread "Attach Listener" daemon [_thread_blocked, id=4148, stack(0x0000000016920000,0x0000000016a20000)]
  0x00000000154cc000 JavaThread "Signal Dispatcher" daemon [_thread_blocked, id=8796, stack(0x0000000016820000,0x0000000016920000)]
  0x00000000154ba000 JavaThread "Finalizer" daemon [_thread_blocked, id=4420, stack(0x0000000016720000,0x0000000016820000)]
  0x0000000015499000 JavaThread "Reference Handler" daemon [_thread_blocked, id=1804, stack(0x0000000016620000,0x0000000016720000)]
  0x0000000002d02800 JavaThread "main" [_thread_blocked, id=7084, stack(0x0000000002c00000,0x0000000002d00000)]

Other Threads:
  0x0000000015497000 VMThread [stack: 0x0000000016520000,0x0000000016620000] [id=444]
  0x0000000016e65000 WatcherThread [stack: 0x0000000017220000,0x0000000017320000] [id=4716]

VM state:not at safepoint (normal execution)

VM Mutex/Monitor currently owned by a thread: None

Heap:
 PSYoungGen      total 284672K, used 49784K [0x00000000eab00000, 0x00000000fff80000, 0x0000000100000000)
  eden space 220160K, 14% used [0x00000000eab00000,0x00000000ec91d380,0x00000000f8200000)
  from space 64512K, 29% used [0x00000000f8200000,0x00000000f9480e10,0x00000000fc100000)
  to   space 62464K, 0% used [0x00000000fc280000,0x00000000fc280000,0x00000000fff80000)
 ParOldGen       total 349696K, used 110557K [0x00000000c0000000, 0x00000000d5580000, 0x00000000eab00000)
  object space 349696K, 31% used [0x00000000c0000000,0x00000000c6bf7770,0x00000000d5580000)
 Metaspace       used 115967K, capacity 117117K, committed 127488K, reserved 1153024K
  class space    used 20213K, capacity 20475K, committed 24320K, reserved 1048576K

Card table byte_map: [0x00000000121c0000,0x00000000123d0000] byte_map_base: 0x0000000011bc0000

Marking Bits: (ParMarkBitMap*) 0x000000005a32b6d0
 Begin Bits: [0x0000000012930000, 0x0000000013930000)
 End Bits:   [0x0000000013930000, 0x0000000014930000)

Polling page: 0x0000000001120000

CodeCache: size=245760Kb used=82728Kb max_used=88552Kb free=163032Kb
 bounds [0x0000000002e00000, 0x0000000008510000, 0x0000000011e00000]
 total_blobs=21772 nmethods=21175 adapters=501
 compilation: enabled

Compilation events (10 events):
Event: 12507.842 Thread 0x00000000154d3800 nmethod 29664 0x00000000057e5010 code [0x00000000057e5160, 0x00000000057e5248]
Event: 12507.876 Thread 0x00000000154d3800 29665       4       java.io.WinNTFileSystem::hashCode (17 bytes)
Event: 12507.882 Thread 0x00000000154d3800 nmethod 29665 0x0000000005771f10 code [0x0000000005772060, 0x0000000005772228]
Event: 12507.898 Thread 0x00000000154da800 29666       3       scala.collection.AbstractTraversable::size (5 bytes)
Event: 12507.899 Thread 0x00000000154da800 nmethod 29666 0x0000000006039350 code [0x0000000006039500, 0x0000000006039a68]
Event: 12507.903 Thread 0x00000000154da800 29667       3       sbt.MRelation::$minus$minus (21 bytes)
Event: 12507.904 Thread 0x00000000154da800 nmethod 29667 0x0000000005944c90 code [0x0000000005944e20, 0x0000000005945308]
Event: 12507.904 Thread 0x00000000154da800 29668       3       sbt.MRelation$$anonfun$$minus$minus$1::<init> (5 bytes)
Event: 12507.904 Thread 0x00000000154da800 nmethod 29668 0x00000000058c1350 code [0x00000000058c14c0, 0x00000000058c1730]
Event: 12508.055 Thread 0x00000000154d8800 nmethod 29655 0x00000000067d2810 code [0x00000000067d3080, 0x00000000067d6a10]

GC Heap History (10 events):
Event: 10914.409 GC heap before
{Heap before GC invocations=54 (full 4):
 PSYoungGen      total 259072K, used 237944K [0x00000000eab00000, 0x0000000100000000, 0x0000000100000000)
  eden space 195072K, 100% used [0x00000000eab00000,0x00000000f6980000,0x00000000f6980000)
  from space 64000K, 66% used [0x00000000f6980000,0x00000000f935e010,0x00000000fa800000)
  to   space 67072K, 0% used [0x00000000fbe80000,0x00000000fbe80000,0x0000000100000000)
 ParOldGen       total 349696K, used 267180K [0x00000000c0000000, 0x00000000d5580000, 0x00000000eab00000)
  object space 349696K, 76% used [0x00000000c0000000,0x00000000d04eb220,0x00000000d5580000)
 Metaspace       used 124342K, capacity 125953K, committed 126208K, reserved 1150976K
  class space    used 23635K, capacity 24004K, committed 24064K, reserved 1048576K
Event: 10914.460 GC heap after
Heap after GC invocations=54 (full 4):
 PSYoungGen      total 226816K, used 30638K [0x00000000eab00000, 0x00000000fe280000, 0x0000000100000000)
  eden space 189952K, 0% used [0x00000000eab00000,0x00000000eab00000,0x00000000f6480000)
  from space 36864K, 83% used [0x00000000fbe80000,0x00000000fdc6b830,0x00000000fe280000)
  to   space 64512K, 0% used [0x00000000f6480000,0x00000000f6480000,0x00000000fa380000)
 ParOldGen       total 349696K, used 267728K [0x00000000c0000000, 0x00000000d5580000, 0x00000000eab00000)
  object space 349696K, 76% used [0x00000000c0000000,0x00000000d0574218,0x00000000d5580000)
 Metaspace       used 124342K, capacity 125953K, committed 126208K, reserved 1150976K
  class space    used 23635K, capacity 24004K, committed 24064K, reserved 1048576K
}
Event: 10916.684 GC heap before
{Heap before GC invocations=55 (full 4):
 PSYoungGen      total 226816K, used 220590K [0x00000000eab00000, 0x00000000fe280000, 0x0000000100000000)
  eden space 189952K, 100% used [0x00000000eab00000,0x00000000f6480000,0x00000000f6480000)
  from space 36864K, 83% used [0x00000000fbe80000,0x00000000fdc6b830,0x00000000fe280000)
  to   space 64512K, 0% used [0x00000000f6480000,0x00000000f6480000,0x00000000fa380000)
 ParOldGen       total 349696K, used 267728K [0x00000000c0000000, 0x00000000d5580000, 0x00000000eab00000)
  object space 349696K, 76% used [0x00000000c0000000,0x00000000d0574218,0x00000000d5580000)
 Metaspace       used 124533K, capacity 126113K, committed 126208K, reserved 1150976K
  class space    used 23672K, capacity 24036K, committed 24064K, reserved 1048576K
Event: 10916.756 GC heap after
Heap after GC invocations=55 (full 4):
 PSYoungGen      total 254464K, used 24547K [0x00000000eab00000, 0x00000000ffc80000, 0x0000000100000000)
  eden space 189952K, 0% used [0x00000000eab00000,0x00000000eab00000,0x00000000f6480000)
  from space 64512K, 38% used [0x00000000f6480000,0x00000000f7c78fa0,0x00000000fa380000)
  to   space 60928K, 0% used [0x00000000fc100000,0x00000000fc100000,0x00000000ffc80000)
 ParOldGen       total 349696K, used 296230K [0x00000000c0000000, 0x00000000d5580000, 0x00000000eab00000)
  object space 349696K, 84% used [0x00000000c0000000,0x00000000d2149aa0,0x00000000d5580000)
 Metaspace       used 124533K, capacity 126113K, committed 126208K, reserved 1150976K
  class space    used 23672K, capacity 24036K, committed 24064K, reserved 1048576K
}
Event: 10920.693 GC heap before
{Heap before GC invocations=56 (full 4):
 PSYoungGen      total 254464K, used 214499K [0x00000000eab00000, 0x00000000ffc80000, 0x0000000100000000)
  eden space 189952K, 100% used [0x00000000eab00000,0x00000000f6480000,0x00000000f6480000)
  from space 64512K, 38% used [0x00000000f6480000,0x00000000f7c78fa0,0x00000000fa380000)
  to   space 60928K, 0% used [0x00000000fc100000,0x00000000fc100000,0x00000000ffc80000)
 ParOldGen       total 349696K, used 296230K [0x00000000c0000000, 0x00000000d5580000, 0x00000000eab00000)
  object space 349696K, 84% used [0x00000000c0000000,0x00000000d2149aa0,0x00000000d5580000)
 Metaspace       used 125531K, capacity 127249K, committed 127488K, reserved 1153024K
  class space    used 23924K, capacity 24304K, committed 24320K, reserved 1048576K
Event: 10920.839 GC heap after
Heap after GC invocations=56 (full 4):
 PSYoungGen      total 281088K, used 45505K [0x00000000eab00000, 0x0000000100000000, 0x0000000100000000)
  eden space 220160K, 0% used [0x00000000eab00000,0x00000000eab00000,0x00000000f8200000)
  from space 60928K, 74% used [0x00000000fc100000,0x00000000fed70468,0x00000000ffc80000)
  to   space 64512K, 0% used [0x00000000f8200000,0x00000000f8200000,0x00000000fc100000)
 ParOldGen       total 349696K, used 316118K [0x00000000c0000000, 0x00000000d5580000, 0x00000000eab00000)
  object space 349696K, 90% used [0x00000000c0000000,0x00000000d34b5888,0x00000000d5580000)
 Metaspace       used 125531K, capacity 127249K, committed 127488K, reserved 1153024K
  class space    used 23924K, capacity 24304K, committed 24320K, reserved 1048576K
}
Event: 10920.839 GC heap before
{Heap before GC invocations=57 (full 5):
 PSYoungGen      total 281088K, used 45505K [0x00000000eab00000, 0x0000000100000000, 0x0000000100000000)
  eden space 220160K, 0% used [0x00000000eab00000,0x00000000eab00000,0x00000000f8200000)
  from space 60928K, 74% used [0x00000000fc100000,0x00000000fed70468,0x00000000ffc80000)
  to   space 64512K, 0% used [0x00000000f8200000,0x00000000f8200000,0x00000000fc100000)
 ParOldGen       total 349696K, used 316118K [0x00000000c0000000, 0x00000000d5580000, 0x00000000eab00000)
  object space 349696K, 90% used [0x00000000c0000000,0x00000000d34b5888,0x00000000d5580000)
 Metaspace       used 125531K, capacity 127249K, committed 127488K, reserved 1153024K
  class space    used 23924K, capacity 24304K, committed 24320K, reserved 1048576K
Event: 10921.436 GC heap after
Heap after GC invocations=57 (full 5):
 PSYoungGen      total 281088K, used 0K [0x00000000eab00000, 0x0000000100000000, 0x0000000100000000)
  eden space 220160K, 0% used [0x00000000eab00000,0x00000000eab00000,0x00000000f8200000)
  from space 60928K, 0% used [0x00000000fc100000,0x00000000fc100000,0x00000000ffc80000)
  to   space 64512K, 0% used [0x00000000f8200000,0x00000000f8200000,0x00000000fc100000)
 ParOldGen       total 349696K, used 110549K [0x00000000c0000000, 0x00000000d5580000, 0x00000000eab00000)
  object space 349696K, 31% used [0x00000000c0000000,0x00000000c6bf5770,0x00000000d5580000)
 Metaspace       used 114204K, capacity 115167K, committed 127488K, reserved 1153024K
  class space    used 20009K, capacity 20265K, committed 24320K, reserved 1048576K
}
Event: 12500.899 GC heap before
{Heap before GC invocations=58 (full 5):
 PSYoungGen      total 281088K, used 220160K [0x00000000eab00000, 0x0000000100000000, 0x0000000100000000)
  eden space 220160K, 100% used [0x00000000eab00000,0x00000000f8200000,0x00000000f8200000)
  from space 60928K, 0% used [0x00000000fc100000,0x00000000fc100000,0x00000000ffc80000)
  to   space 64512K, 0% used [0x00000000f8200000,0x00000000f8200000,0x00000000fc100000)
 ParOldGen       total 349696K, used 110549K [0x00000000c0000000, 0x00000000d5580000, 0x00000000eab00000)
  object space 349696K, 31% used [0x00000000c0000000,0x00000000c6bf5770,0x00000000d5580000)
 Metaspace       used 115960K, capacity 117117K, committed 127488K, reserved 1153024K
  class space    used 20213K, capacity 20475K, committed 24320K, reserved 1048576K
Event: 12500.934 GC heap after
Heap after GC invocations=58 (full 5):
 PSYoungGen      total 284672K, used 18947K [0x00000000eab00000, 0x00000000fff80000, 0x0000000100000000)
  eden space 220160K, 0% used [0x00000000eab00000,0x00000000eab00000,0x00000000f8200000)
  from space 64512K, 29% used [0x00000000f8200000,0x00000000f9480e10,0x00000000fc100000)
  to   space 62464K, 0% used [0x00000000fc280000,0x00000000fc280000,0x00000000fff80000)
 ParOldGen       total 349696K, used 110557K [0x00000000c0000000, 0x00000000d5580000, 0x00000000eab00000)
  object space 349696K, 31% used [0x00000000c0000000,0x00000000c6bf7770,0x00000000d5580000)
 Metaspace       used 115960K, capacity 117117K, committed 127488K, reserved 1153024K
  class space    used 20213K, capacity 20475K, committed 24320K, reserved 1048576K
}

Deoptimization events (10 events):
Event: 10928.585 Thread 0x00000000231dc000 Uncommon trap: reason=unstable_if action=reinterpret pc=0x0000000005fde08c method=java.lang.ref.SoftReference.get()Ljava/lang/Object; @ 6
Event: 10929.093 Thread 0x0000000018db2000 Uncommon trap: reason=unstable_if action=reinterpret pc=0x0000000004303654 method=java.lang.ref.SoftReference.get()Ljava/lang/Object; @ 6
Event: 10929.258 Thread 0x0000000018db2000 Uncommon trap: reason=unstable_if action=reinterpret pc=0x0000000004446a40 method=java.lang.ref.SoftReference.get()Ljava/lang/Object; @ 6
Event: 10929.574 Thread 0x0000000018ca1800 Uncommon trap: reason=unstable_if action=reinterpret pc=0x0000000004e45b74 method=java.lang.ThreadLocal$ThreadLocalMap.set(Ljava/lang/ThreadLocal;Ljava/lang/Object;)V @ 119
Event: 11164.851 Thread 0x0000000018ca3000 Uncommon trap: reason=unstable_if action=reinterpret pc=0x0000000003b285d0 method=java.lang.ref.SoftReference.get()Ljava/lang/Object; @ 6
Event: 11164.851 Thread 0x0000000018ca3000 Uncommon trap: reason=unstable_if action=reinterpret pc=0x0000000003947e10 method=java.lang.ref.SoftReference.get()Ljava/lang/Object; @ 6
Event: 11164.866 Thread 0x000000001dbf8000 Uncommon trap: reason=unstable_if action=reinterpret pc=0x0000000003b056d4 method=java.lang.ref.SoftReference.get()Ljava/lang/Object; @ 6
Event: 12500.949 Thread 0x00000000154ba000 Uncommon trap: reason=unstable_if action=reinterpret pc=0x00000000084c3d20 method=java.util.WeakHashMap.isEmpty()Z @ 4
Event: 12500.949 Thread 0x00000000154ba000 Uncommon trap: reason=unstable_if action=reinterpret pc=0x0000000005d5d014 method=java.util.WeakHashMap.size()I @ 4
Event: 12500.949 Thread 0x00000000154ba000 Uncommon trap: reason=unstable_if action=reinterpret pc=0x0000000003d2e4c4 method=java.util.WeakHashMap.isEmpty()Z @ 4

Internal exceptions (10 events):
Event: 11164.851 Thread 0x0000000018ca3000 Implicit null exception at 0x0000000003b226f5 to 0x0000000003b28599
Event: 11164.851 Thread 0x0000000018ca3000 Implicit null exception at 0x00000000039473bf to 0x0000000003947e01
Event: 11164.866 Thread 0x000000001dbf8000 Implicit null exception at 0x0000000003aff48c to 0x0000000003b056a5
Event: 12499.717 Thread 0x000000001dbf6800 Exception <a 'java/io/FileNotFoundException'> (0x00000000f76e85b0) thrown at [C:\re\workspace\8-2-build-windows-amd64-cygwin\jdk8u121\8372\hotspot\src\share\vm\prims\jni.cpp, line 709]
Event: 12499.717 Thread 0x000000001dc02800 Exception <a 'java/io/FileNotFoundException'> (0x00000000f76448c8) thrown at [C:\re\workspace\8-2-build-windows-amd64-cygwin\jdk8u121\8372\hotspot\src\share\vm\prims\jni.cpp, line 709]
Event: 12499.717 Thread 0x000000001dbf8000 Exception <a 'java/io/FileNotFoundException'> (0x00000000f70c4218) thrown at [C:\re\workspace\8-2-build-windows-amd64-cygwin\jdk8u121\8372\hotspot\src\share\vm\prims\jni.cpp, line 709]
Event: 12507.743 Thread 0x000000001dbff800 Exception <a 'java/lang/ArrayIndexOutOfBoundsException'> (0x00000000eb361c90) thrown at [C:\re\workspace\8-2-build-windows-amd64-cygwin\jdk8u121\8372\hotspot\src\share\vm\runtime\sharedRuntime.cpp, line 605]
Event: 12507.765 Thread 0x000000001dbf7800 Exception <a 'java/io/FileNotFoundException'> (0x00000000eb45fa10) thrown at [C:\re\workspace\8-2-build-windows-amd64-cygwin\jdk8u121\8372\hotspot\src\share\vm\prims\jni.cpp, line 709]
Event: 12507.770 Thread 0x000000001dbf7800 Exception <a 'java/io/FileNotFoundException'> (0x00000000eb46cb68) thrown at [C:\re\workspace\8-2-build-windows-amd64-cygwin\jdk8u121\8372\hotspot\src\share\vm\prims\jni.cpp, line 709]
Event: 12507.770 Thread 0x000000001dbf6800 Exception <a 'java/io/FileNotFoundException'> (0x00000000eb4b0270) thrown at [C:\re\workspace\8-2-build-windows-amd64-cygwin\jdk8u121\8372\hotspot\src\share\vm\prims\jni.cpp, line 709]

Events (10 events):
Event: 12507.927 loading class com/sun/tools/javac/Main
Event: 12507.927 loading class com/sun/tools/javac/Main done
Event: 12507.936 Thread 0x000000001dc00800 Thread added: 0x000000001dc00800
Event: 12507.936 Thread 0x000000001dc01000 Thread added: 0x000000001dc01000
Event: 12507.936 Thread 0x000000001dc02800 Thread added: 0x000000001dc02800
Event: 12507.937 Executing VM operation: RevokeBias
Event: 12507.938 Executing VM operation: RevokeBias done
Event: 12507.938 Executing VM operation: RevokeBias
Event: 12507.938 Executing VM operation: RevokeBias done
Event: 12507.938 Thread 0x000000001dc00800 Thread exited: 0x000000001dc00800


Dynamic libraries:
0x00007ff620970000 - 0x00007ff6209a7000 	C:\ProgramData\Oracle\Java\javapath\java.exe
0x00007ffc783c0000 - 0x00007ffc78582000 	C:\Windows\SYSTEM32\ntdll.dll
0x00007ffc75da0000 - 0x00007ffc75e4d000 	C:\Windows\system32\KERNEL32.DLL
0x00007ffc74e90000 - 0x00007ffc7506d000 	C:\Windows\system32\KERNELBASE.dll
0x00007ffc75a90000 - 0x00007ffc75b36000 	C:\Windows\system32\ADVAPI32.dll
0x00007ffc77660000 - 0x00007ffc776fd000 	C:\Windows\system32\msvcrt.dll
0x00007ffc77d90000 - 0x00007ffc77deb000 	C:\Windows\system32\sechost.dll
0x00007ffc75c10000 - 0x00007ffc75d36000 	C:\Windows\system32\RPCRT4.dll
0x00007ffc78270000 - 0x00007ffc783be000 	C:\Windows\system32\USER32.dll
0x00007ffc77980000 - 0x00007ffc77b05000 	C:\Windows\system32\GDI32.dll
0x00007ffc6b400000 - 0x00007ffc6b674000 	C:\Windows\WinSxS\amd64_microsoft.windows.common-controls_6595b64144ccf1df_6.0.10240.16384_none_f41f7b285750ef43\COMCTL32.dll
0x00007ffc75f10000 - 0x00007ffc75f46000 	C:\Windows\system32\IMM32.DLL
0x00007ffc77e00000 - 0x00007ffc77f5c000 	C:\Windows\system32\MSCTF.dll
0x000000005a3b0000 - 0x000000005a482000 	C:\Program Files\Java\jre1.8.0_121\bin\msvcr100.dll
0x0000000059b10000 - 0x000000005a3ab000 	C:\Program Files\Java\jre1.8.0_121\bin\server\jvm.dll
0x00007ffc77df0000 - 0x00007ffc77df8000 	C:\Windows\system32\PSAPI.DLL
0x00007ffc71890000 - 0x00007ffc718b3000 	C:\Windows\SYSTEM32\WINMM.dll
0x00007ffc6afb0000 - 0x00007ffc6afba000 	C:\Windows\SYSTEM32\VERSION.dll
0x0000000002860000 - 0x000000000288c000 	C:\Windows\SYSTEM32\WINMMBASE.dll
0x00007ffc6b170000 - 0x00007ffc6b179000 	C:\Windows\SYSTEM32\WSOCK32.dll
0x00007ffc75b40000 - 0x00007ffc75ba9000 	C:\Windows\system32\WS2_32.dll
0x00007ffc757b0000 - 0x00007ffc757f4000 	C:\Windows\system32\cfgmgr32.dll
0x00007ffc75f50000 - 0x00007ffc75f58000 	C:\Windows\system32\NSI.dll
0x00007ffc736c0000 - 0x00007ffc736e7000 	C:\Windows\SYSTEM32\DEVOBJ.dll
0x000000005b750000 - 0x000000005b75f000 	C:\Program Files\Java\jre1.8.0_121\bin\verify.dll
0x0000000059ae0000 - 0x0000000059b09000 	C:\Program Files\Java\jre1.8.0_121\bin\java.dll
0x0000000059ac0000 - 0x0000000059ad6000 	C:\Program Files\Java\jre1.8.0_121\bin\zip.dll
0x00007ffc75f60000 - 0x00007ffc77485000 	C:\Windows\system32\SHELL32.dll
0x00007ffc75180000 - 0x00007ffc757a8000 	C:\Windows\system32\windows.storage.dll
0x00007ffc77b10000 - 0x00007ffc77d8c000 	C:\Windows\system32\combase.dll
0x00007ffc75bb0000 - 0x00007ffc75c01000 	C:\Windows\system32\shlwapi.dll
0x00007ffc74e80000 - 0x00007ffc74e8f000 	C:\Windows\system32\kernel.appcore.dll
0x00007ffc75800000 - 0x00007ffc758b3000 	C:\Windows\system32\shcore.dll
0x00007ffc74df0000 - 0x00007ffc74e3a000 	C:\Windows\system32\powrprof.dll
0x00007ffc74e60000 - 0x00007ffc74e73000 	C:\Windows\system32\profapi.dll
0x0000000059aa0000 - 0x0000000059aba000 	C:\Program Files\Java\jre1.8.0_121\bin\net.dll
0x00007ffc74600000 - 0x00007ffc7465d000 	C:\Windows\system32\mswsock.dll
0x0000000059a80000 - 0x0000000059a91000 	C:\Program Files\Java\jre1.8.0_121\bin\nio.dll
0x00007ffc74660000 - 0x00007ffc74677000 	C:\Windows\SYSTEM32\CRYPTSP.dll
0x00007ffc74d20000 - 0x00007ffc74d48000 	C:\Windows\SYSTEM32\bcrypt.dll
0x00007ffc742b0000 - 0x00007ffc742e3000 	C:\Windows\system32\rsaenh.dll
0x00007ffc743e0000 - 0x00007ffc743ff000 	C:\Windows\SYSTEM32\USERENV.dll
0x00007ffc74bb0000 - 0x00007ffc74c1b000 	C:\Windows\system32\bcryptprimitives.dll
0x00007ffc747b0000 - 0x00007ffc747bb000 	C:\Windows\SYSTEM32\CRYPTBASE.dll
0x00007ffc6e9f0000 - 0x00007ffc6ea28000 	C:\Windows\SYSTEM32\IPHLPAPI.DLL
0x00007ffc6e650000 - 0x00007ffc6e65b000 	C:\Windows\SYSTEM32\WINNSI.DLL
0x00007ffc6e350000 - 0x00007ffc6e366000 	C:\Windows\SYSTEM32\dhcpcsvc6.DLL
0x00007ffc6e330000 - 0x00007ffc6e34a000 	C:\Windows\SYSTEM32\dhcpcsvc.DLL
0x00007ffc6a160000 - 0x00007ffc6a16a000 	C:\Users\BPRadmin\AppData\Local\Temp\jansi-64-1-3164748773989395584.11
0x0000000067540000 - 0x000000006764f000 	C:\play\ums\target\native_libraries\64bits\jnotify_64bit.dll
0x00007ffc68690000 - 0x00007ffc686a5000 	C:\Windows\system32\napinsp.dll
0x00007ffc68670000 - 0x00007ffc6868a000 	C:\Windows\system32\pnrpnsp.dll
0x00007ffc72630000 - 0x00007ffc72648000 	C:\Windows\system32\NLAapi.dll
0x00007ffc74400000 - 0x00007ffc744a8000 	C:\Windows\SYSTEM32\DNSAPI.dll
0x00007ffc68660000 - 0x00007ffc6866d000 	C:\Windows\System32\winrnr.dll
0x000000005b640000 - 0x000000005b666000 	C:\Program Files\Bonjour\mdnsNSP.dll
0x00007ffc6c190000 - 0x00007ffc6c19a000 	C:\Windows\System32\rasadhlp.dll
0x00007ffc6e420000 - 0x00007ffc6e488000 	C:\Windows\System32\fwpuclnt.dll
0x0000000059a70000 - 0x0000000059a7d000 	C:\Program Files\Java\jre1.8.0_121\bin\management.dll
0x0000000059880000 - 0x00000000598a4000 	C:\Program Files\Java\jre1.8.0_121\bin\sunec.dll
0x00007ffc68000000 - 0x00007ffc6818a000 	C:\Windows\SYSTEM32\dbghelp.dll

VM Arguments:
jvm_args: -Xms512M -Xmx1024M -Xss1M -XX:+CMSClassUnloadingEnabled -XX:MaxPermSize=256M -Dfile.encoding=UTF-8 -Dinput.encoding=Cp1252 -Dplay.version=2.2.6 -Dsbt.ivy.home=C:\play\framework\..\repository -Dplay.home=C:\play\framework\. -Dsbt.boot.properties=file:///C:/play/framework/sbt/sbt.boot.properties -Dsbt.scala.version=2.10.3 
java_command: C:\play\framework\sbt\sbt-launch.jar run
java_class_path (initial): C:\play\framework\sbt\sbt-launch.jar
Launcher Type: SUN_STANDARD

Environment Variables:
PATH=C:\Popay\product\11.2.0\dbhome_1\bin;C:\Program Files (x86)\Common Files\NetSarang;C:\ProgramData\Oracle\Java\javapath;C:\Oracle\product\11.2.0\dbhome_1\bin;C:\Windows\system32;C:\Windows;C:\Windows\System32\Wbem;C:\Windows\System32\WindowsPowerShell\v1.0\;C:\Program Files (x86)\Microsoft SQL Server\110\DTS\Binn\;C:\Program Files (x86)\Microsoft SQL Server\110\Tools\Binn\ManagementStudio\;C:\Program Files (x86)\Microsoft SQL Server\110\Tools\Binn\;C:\Program Files (x86)\Microsoft Visual Studio 10.0\Common7\IDE\PrivateAssemblies\;C:\Program Files (x86)\Bluefish\GTK2-Runtime\bin;C:\Program Files (x86)\nodejs\;C:\Program Files (x86)\GTK2-Runtime\bin;C:\xampp\php;C:\ProgramData\ComposerSetup\bin;C:\xampp1\php;C:\Program Files (x86)\Skype\Phone\;C:\play;C:\Program Files (x86)\Git\cmd;C:\Program Files (x86)\Java\jdk1.8.0_66\bin;C:\Users\BPRadmin\AppData\Roaming\npm;C:\Users\BPRadmin\AppData\Roaming\Composer\vendor\bin;C:\play
USERNAME=BPRAdmin
OS=Windows_NT
PROCESSOR_IDENTIFIER=Intel64 Family 6 Model 42 Stepping 7, GenuineIntel



---------------  S Y S T E M  ---------------

OS: Windows 10.0 , 64 bit Build 10240 (10.0.10240.16384)

CPU:total 4 (2 cores per cpu, 2 threads per core) family 6 model 42 stepping 7, cmov, cx8, fxsr, mmx, sse, sse2, sse3, ssse3, sse4.1, sse4.2, popcnt, avx, clmul, ht, tsc, tscinvbit

Memory: 4k page, physical 8321396k(2063580k free), swap 11691216k(2379164k free)

vm_info: Java HotSpot(TM) 64-Bit Server VM (25.121-b13) for windows-amd64 JRE (1.8.0_121-b13), built on Dec 12 2016 18:21:36 by "java_re" with MS VC++ 10.0 (VS2010)

time: Fri Jul 07 12:39:11 2017
elapsed time: 12508 seconds (0d 3h 28m 28s)

