#
# A fatal error has been detected by the Java Runtime Environment:
#
#  EXCEPTION_ACCESS_VIOLATION (0xc0000005) at pc=0x0000000061fa5344, pid=9792, tid=0x00000000000005a0
#
# JRE version: Java(TM) SE Runtime Environment (8.0_121-b13) (build 1.8.0_121-b13)
# Java VM: Java HotSpot(TM) 64-Bit Server VM (25.121-b13 mixed mode windows-amd64 compressed oops)
# Problematic frame:
# V  [jvm.dll+0x465344]
#
# Failed to write core dump. Minidumps are not enabled by default on client versions of Windows
#
# If you would like to submit a bug report, please visit:
#   http://bugreport.java.com/bugreport/crash.jsp
#

---------------  T H R E A D  ---------------

Current thread (0x0000000015163800):  JavaThread "C2 CompilerThread1" daemon [_thread_in_native, id=1440, stack(0x0000000016850000,0x0000000016950000)]

siginfo: ExceptionCode=0xc0000005, reading address 0xffffffffffffffff

Registers:
RAX=0x0001000018984df8, RBX=0x000000001bc47c00, RCX=0x0000000018984db8, RDX=0x0000000000000342
RSP=0x000000001694c678, RBP=0xffffffffffffffff, RSI=0x0000000018984db8, RDI=0x00000000177fee20
R8 =0x0000000000000000, R9 =0x0000000000000001, R10=0x000000000000000d, R11=0x0000000000000000
R12=0x000000001694ca90, R13=0x0000000015124c50, R14=0x0000000061b40000, R15=0x0000000000000002
RIP=0x0000000061fa5344, EFLAGS=0x0000000000010246

Top of Stack: (sp=0x000000001694c678)
0x000000001694c678:   0000000061fa577f 000000001bc47ab0
0x000000001694c688:   0000000016d03b20 00000000177fee20
0x000000001694c698:   ffffffffffffffff 000000010000016f
0x000000001694c6a8:   00000000177fee20 0000000000000120
0x000000001694c6b8:   000000000000016f 0000000000000000
0x000000001694c6c8:   0000000000000000 000000001694c7a0
0x000000001694c6d8:   00000000000003d8 000000001512d2e8
0x000000001694c6e8:   000000001512cf10 000000001694c820
0x000000001694c6f8:   0000000000000000 000000001694ca90
0x000000001694c708:   000000001512cf00 000000001694cba0
0x000000001694c718:   0000000061fa88d3 000000001694ca90
0x000000001694c728:   000000001694c801 00000000ffffffff
0x000000001694c738:   0000000000000024 0000000000000002
0x000000001694c748:   000000001512cf00 00000000194deb10
0x000000001694c758:   00000000194e24e0 00000000194e6af8
0x000000001694c768:   000000000022cc60 0000000000000002 

Instructions: (pc=0x0000000061fa5344)
0x0000000061fa5324:   c0 75 d8 33 c0 48 8b 5c 24 30 48 83 c4 20 5f c3
0x0000000061fa5334:   cc cc cc cc cc cc cc cc cc cc cc cc 48 8b 41 38
0x0000000061fa5344:   48 8b 08 48 8b 01 48 ff a0 d8 00 00 00 cc cc cc
0x0000000061fa5354:   cc cc cc cc cc cc cc cc cc cc cc cc 48 83 ec 28 


Register to memory mapping:

RAX=0x0001000018984df8 is an unknown value
RBX=0x000000001bc47c00 is an unknown value
RCX=0x0000000018984db8 is an unknown value
RDX=0x0000000000000342 is an unknown value
RSP=0x000000001694c678 is pointing into the stack for thread: 0x0000000015163800
RBP=0xffffffffffffffff is an unknown value
RSI=0x0000000018984db8 is an unknown value
RDI=0x00000000177fee20 is an unknown value
R8 =0x0000000000000000 is an unknown value
R9 =0x0000000000000001 is an unknown value
R10=0x000000000000000d is an unknown value
R11=0x0000000000000000 is an unknown value
R12=0x000000001694ca90 is pointing into the stack for thread: 0x0000000015163800
R13=0x0000000015124c50 is an unknown value
R14=0x0000000061b40000 is an unknown value
R15=0x0000000000000002 is an unknown value


Stack: [0x0000000016850000,0x0000000016950000],  sp=0x000000001694c678,  free space=1009k
Native frames: (J=compiled Java code, j=interpreted, Vv=VM code, C=native code)
V  [jvm.dll+0x465344]


Current CompileTask:
C2:  13678 3053   !   4       java.net.URLClassLoader$1::run (63 bytes)


---------------  P R O C E S S  ---------------

Java Threads: ( => current thread )
  0x0000000019b44000 JavaThread "pool-3-thread-4" [_thread_blocked, id=5432, stack(0x000000001d290000,0x000000001d390000)]
  0x000000001ab2e000 JavaThread "pool-3-thread-3" [_thread_blocked, id=10992, stack(0x000000001d190000,0x000000001d290000)]
  0x000000001af1d800 JavaThread "pool-3-thread-2" [_thread_blocked, id=10232, stack(0x000000001cc60000,0x000000001cd60000)]
  0x000000001b2be000 JavaThread "pool-3-thread-1" [_thread_in_native, id=11244, stack(0x000000001c960000,0x000000001ca60000)]
  0x000000001695e000 JavaThread "Service Thread" daemon [_thread_blocked, id=9444, stack(0x0000000016e50000,0x0000000016f50000)]
  0x0000000016959000 JavaThread "C1 CompilerThread2" daemon [_thread_blocked, id=9872, stack(0x0000000016d50000,0x0000000016e50000)]
=>0x0000000015163800 JavaThread "C2 CompilerThread1" daemon [_thread_in_native, id=1440, stack(0x0000000016850000,0x0000000016950000)]
  0x0000000015110000 JavaThread "C2 CompilerThread0" daemon [_thread_in_native, id=6720, stack(0x0000000016750000,0x0000000016850000)]
  0x000000001510d000 JavaThread "Attach Listener" daemon [_thread_blocked, id=2248, stack(0x0000000016650000,0x0000000016750000)]
  0x000000001510c000 JavaThread "Signal Dispatcher" daemon [_thread_blocked, id=4452, stack(0x0000000016550000,0x0000000016650000)]
  0x00000000150fa800 JavaThread "Finalizer" daemon [_thread_blocked, id=6392, stack(0x0000000016370000,0x0000000016470000)]
  0x00000000150d9000 JavaThread "Reference Handler" daemon [_thread_blocked, id=11032, stack(0x0000000016270000,0x0000000016370000)]
  0x0000000002942800 JavaThread "main" [_thread_blocked, id=4788, stack(0x0000000002840000,0x0000000002940000)]

Other Threads:
  0x00000000150d7000 VMThread [stack: 0x0000000016170000,0x0000000016270000] [id=9304]
  0x0000000016972800 WatcherThread [stack: 0x0000000016f50000,0x0000000017050000] [id=9000]

VM state:not at safepoint (normal execution)

VM Mutex/Monitor currently owned by a thread: None

Heap:
 PSYoungGen      total 153088K, used 82285K [0x00000000eab00000, 0x00000000fd600000, 0x0000000100000000)
  eden space 131584K, 62% used [0x00000000eab00000,0x00000000efb5b488,0x00000000f2b80000)
  from space 21504K, 0% used [0x00000000f4080000,0x00000000f4080000,0x00000000f5580000)
  to   space 21504K, 0% used [0x00000000f2b80000,0x00000000f2b80000,0x00000000f4080000)
 ParOldGen       total 349696K, used 4536K [0x00000000c0000000, 0x00000000d5580000, 0x00000000eab00000)
  object space 349696K, 1% used [0x00000000c0000000,0x00000000c046e3e0,0x00000000d5580000)
 Metaspace       used 26281K, capacity 26652K, committed 26880K, reserved 1071104K
  class space    used 5413K, capacity 5560K, committed 5632K, reserved 1048576K

Card table byte_map: [0x0000000011e00000,0x0000000012010000] byte_map_base: 0x0000000011800000

Marking Bits: (ParMarkBitMap*) 0x000000006235b6d0
 Begin Bits: [0x0000000012570000, 0x0000000013570000)
 End Bits:   [0x0000000013570000, 0x0000000014570000)

Polling page: 0x0000000000e40000

CodeCache: size=245760Kb used=7886Kb max_used=7886Kb free=237873Kb
 bounds [0x0000000002a40000, 0x0000000003200000, 0x0000000011a40000]
 total_blobs=3325 nmethods=2933 adapters=304
 compilation: enabled

Compilation events (10 events):
Event: 13.569 Thread 0x0000000016959000 3140       2       scala.collection.immutable.Set$Set2::foreach (23 bytes)
Event: 13.569 Thread 0x0000000016959000 nmethod 3140 0x00000000031f8d90 code [0x00000000031f8f00, 0x00000000031f90b8]
Event: 13.572 Thread 0x0000000016959000 3141       2       sbt.EvaluateSettings$$anonfun$roots$1::apply (9 bytes)
Event: 13.573 Thread 0x0000000016959000 nmethod 3141 0x00000000031f9190 code [0x00000000031f9320, 0x00000000031f96a8]
Event: 13.573 Thread 0x0000000016959000 3142       2       sbt.EvaluateSettings$$anonfun$roots$1::apply (27 bytes)
Event: 13.573 Thread 0x0000000016959000 nmethod 3142 0x00000000031f9950 code [0x00000000031f9ae0, 0x00000000031f9e28]
Event: 13.573 Thread 0x0000000016959000 3143       2       sbt.EvaluateSettings$$anonfun$roots$1$$anonfun$apply$6::<init> (22 bytes)
Event: 13.574 Thread 0x0000000016959000 nmethod 3143 0x00000000031fa050 code [0x00000000031fa1c0, 0x00000000031fa3c8]
Event: 13.574 Thread 0x0000000016959000 3144       2       sbt.EvaluateSettings$$anonfun$roots$1$$anonfun$apply$6::apply (45 bytes)
Event: 13.574 Thread 0x0000000016959000 nmethod 3144 0x00000000031fa490 code [0x00000000031fa620, 0x00000000031fa898]

GC Heap History (6 events):
Event: 9.660 GC heap before
{Heap before GC invocations=1 (full 0):
 PSYoungGen      total 153088K, used 131584K [0x00000000eab00000, 0x00000000f5580000, 0x0000000100000000)
  eden space 131584K, 100% used [0x00000000eab00000,0x00000000f2b80000,0x00000000f2b80000)
  from space 21504K, 0% used [0x00000000f4080000,0x00000000f4080000,0x00000000f5580000)
  to   space 21504K, 0% used [0x00000000f2b80000,0x00000000f2b80000,0x00000000f4080000)
 ParOldGen       total 349696K, used 0K [0x00000000c0000000, 0x00000000d5580000, 0x00000000eab00000)
  object space 349696K, 0% used [0x00000000c0000000,0x00000000c0000000,0x00000000d5580000)
 Metaspace       used 20854K, capacity 21142K, committed 21248K, reserved 1067008K
  class space    used 3968K, capacity 4042K, committed 4096K, reserved 1048576K
Event: 9.688 GC heap after
Heap after GC invocations=1 (full 0):
 PSYoungGen      total 153088K, used 17048K [0x00000000eab00000, 0x00000000f5580000, 0x0000000100000000)
  eden space 131584K, 0% used [0x00000000eab00000,0x00000000eab00000,0x00000000f2b80000)
  from space 21504K, 79% used [0x00000000f2b80000,0x00000000f3c26080,0x00000000f4080000)
  to   space 21504K, 0% used [0x00000000f4080000,0x00000000f4080000,0x00000000f5580000)
 ParOldGen       total 349696K, used 16K [0x00000000c0000000, 0x00000000d5580000, 0x00000000eab00000)
  object space 349696K, 0% used [0x00000000c0000000,0x00000000c0004000,0x00000000d5580000)
 Metaspace       used 20854K, capacity 21142K, committed 21248K, reserved 1067008K
  class space    used 3968K, capacity 4042K, committed 4096K, reserved 1048576K
}
Event: 9.719 GC heap before
{Heap before GC invocations=2 (full 0):
 PSYoungGen      total 153088K, used 20836K [0x00000000eab00000, 0x00000000f5580000, 0x0000000100000000)
  eden space 131584K, 2% used [0x00000000eab00000,0x00000000eaeb3260,0x00000000f2b80000)
  from space 21504K, 79% used [0x00000000f2b80000,0x00000000f3c26080,0x00000000f4080000)
  to   space 21504K, 0% used [0x00000000f4080000,0x00000000f4080000,0x00000000f5580000)
 ParOldGen       total 349696K, used 16K [0x00000000c0000000, 0x00000000d5580000, 0x00000000eab00000)
  object space 349696K, 0% used [0x00000000c0000000,0x00000000c0004000,0x00000000d5580000)
 Metaspace       used 20897K, capacity 21174K, committed 21248K, reserved 1067008K
  class space    used 3980K, capacity 4074K, committed 4096K, reserved 1048576K
Event: 9.735 GC heap after
Heap after GC invocations=2 (full 0):
 PSYoungGen      total 153088K, used 4589K [0x00000000eab00000, 0x00000000fd600000, 0x0000000100000000)
  eden space 131584K, 0% used [0x00000000eab00000,0x00000000eab00000,0x00000000f2b80000)
  from space 21504K, 21% used [0x00000000f4080000,0x00000000f44fb428,0x00000000f5580000)
  to   space 21504K, 0% used [0x00000000f2b80000,0x00000000f2b80000,0x00000000f4080000)
 ParOldGen       total 349696K, used 24K [0x00000000c0000000, 0x00000000d5580000, 0x00000000eab00000)
  object space 349696K, 0% used [0x00000000c0000000,0x00000000c0006000,0x00000000d5580000)
 Metaspace       used 20897K, capacity 21174K, committed 21248K, reserved 1067008K
  class space    used 3980K, capacity 4074K, committed 4096K, reserved 1048576K
}
Event: 9.735 GC heap before
{Heap before GC invocations=3 (full 1):
 PSYoungGen      total 153088K, used 4589K [0x00000000eab00000, 0x00000000fd600000, 0x0000000100000000)
  eden space 131584K, 0% used [0x00000000eab00000,0x00000000eab00000,0x00000000f2b80000)
  from space 21504K, 21% used [0x00000000f4080000,0x00000000f44fb428,0x00000000f5580000)
  to   space 21504K, 0% used [0x00000000f2b80000,0x00000000f2b80000,0x00000000f4080000)
 ParOldGen       total 349696K, used 24K [0x00000000c0000000, 0x00000000d5580000, 0x00000000eab00000)
  object space 349696K, 0% used [0x00000000c0000000,0x00000000c0006000,0x00000000d5580000)
 Metaspace       used 20897K, capacity 21174K, committed 21248K, reserved 1067008K
  class space    used 3980K, capacity 4074K, committed 4096K, reserved 1048576K
Event: 9.816 GC heap after
Heap after GC invocations=3 (full 1):
 PSYoungGen      total 153088K, used 0K [0x00000000eab00000, 0x00000000fd600000, 0x0000000100000000)
  eden space 131584K, 0% used [0x00000000eab00000,0x00000000eab00000,0x00000000f2b80000)
  from space 21504K, 0% used [0x00000000f4080000,0x00000000f4080000,0x00000000f5580000)
  to   space 21504K, 0% used [0x00000000f2b80000,0x00000000f2b80000,0x00000000f4080000)
 ParOldGen       total 349696K, used 4536K [0x00000000c0000000, 0x00000000d5580000, 0x00000000eab00000)
  object space 349696K, 1% used [0x00000000c0000000,0x00000000c046e3e0,0x00000000d5580000)
 Metaspace       used 20895K, capacity 21168K, committed 21248K, reserved 1067008K
  class space    used 3979K, capacity 4072K, committed 4096K, reserved 1048576K
}

Deoptimization events (10 events):
Event: 13.184 Thread 0x0000000002942800 Uncommon trap: reason=class_check action=maybe_recompile pc=0x000000000307cad8 method=scala.collection.LinearSeqOptimized$class.exists(Lscala/collection/LinearSeqOptimized;Lscala/Function1;)Z @ 3
Event: 13.185 Thread 0x0000000002942800 Uncommon trap: reason=class_check action=maybe_recompile pc=0x000000000307cad8 method=scala.collection.LinearSeqOptimized$class.exists(Lscala/collection/LinearSeqOptimized;Lscala/Function1;)Z @ 3
Event: 13.351 Thread 0x0000000002942800 Uncommon trap: reason=unstable_if action=reinterpret pc=0x0000000002f1c1ac method=sbt.SharedAttributeKey.equals(Ljava/lang/Object;)Z @ 47
Event: 13.352 Thread 0x0000000002942800 Uncommon trap: reason=unstable_if action=reinterpret pc=0x0000000002e72c2c method=sbt.SharedAttributeKey.equals(Ljava/lang/Object;)Z @ 47
Event: 13.356 Thread 0x0000000002942800 Uncommon trap: reason=speculate_class_check action=maybe_recompile pc=0x000000000307cb4c method=scala.collection.LinearSeqOptimized$class.exists(Lscala/collection/LinearSeqOptimized;Lscala/Function1;)Z @ 3
Event: 13.369 Thread 0x0000000002942800 Uncommon trap: reason=bimorphic action=maybe_recompile pc=0x0000000003003198 method=scala.collection.immutable.HashMap$HashMap1.updated0(Ljava/lang/Object;IILjava/lang/Object;Lscala/Tuple2;Lscala/collection/immutable/HashMap$Merger;)Lscala/collection/immu
Event: 13.369 Thread 0x0000000002942800 Uncommon trap: reason=bimorphic action=maybe_recompile pc=0x0000000003003198 method=scala.collection.immutable.HashMap$HashMap1.updated0(Ljava/lang/Object;IILjava/lang/Object;Lscala/Tuple2;Lscala/collection/immutable/HashMap$Merger;)Lscala/collection/immu
Event: 13.369 Thread 0x0000000002942800 Uncommon trap: reason=bimorphic action=maybe_recompile pc=0x0000000003002f30 method=scala.collection.immutable.HashMap$HashMap1.updated0(Ljava/lang/Object;IILjava/lang/Object;Lscala/Tuple2;Lscala/collection/immutable/HashMap$Merger;)Lscala/collection/immu
Event: 13.372 Thread 0x0000000002942800 Uncommon trap: reason=bimorphic action=maybe_recompile pc=0x0000000003002f30 method=scala.collection.immutable.HashMap$HashMap1.updated0(Ljava/lang/Object;IILjava/lang/Object;Lscala/Tuple2;Lscala/collection/immutable/HashMap$Merger;)Lscala/collection/immu
Event: 13.372 Thread 0x0000000002942800 Uncommon trap: reason=bimorphic action=maybe_recompile pc=0x0000000002feb718 method=scala.collection.immutable.HashMap$HashMap1.updated0(Ljava/lang/Object;IILjava/lang/Object;Lscala/Tuple2;Lscala/collection/immutable/HashMap$Merger;)Lscala/collection/immu

Internal exceptions (10 events):
Event: 0.261 Thread 0x0000000002942800 Exception <a 'java/lang/NoSuchMethodError': Method sun.misc.Unsafe.defineClass(Ljava/lang/String;[BII)Ljava/lang/Class; name or signature does not match> (0x00000000eab07ca8) thrown at [C:\re\workspace\8-2-build-windows-amd64-cygwin\jdk8u121\8372\hotspot\
Event: 0.261 Thread 0x0000000002942800 Exception <a 'java/lang/NoSuchMethodError': Method sun.misc.Unsafe.prefetchRead(Ljava/lang/Object;J)V name or signature does not match> (0x00000000eab07f90) thrown at [C:\re\workspace\8-2-build-windows-amd64-cygwin\jdk8u121\8372\hotspot\src\share\vm\prims
Event: 0.783 Thread 0x0000000002942800 Exception <a 'java/security/PrivilegedActionException'> (0x00000000ead0d5d8) thrown at [C:\re\workspace\8-2-build-windows-amd64-cygwin\jdk8u121\8372\hotspot\src\share\vm\prims\jvm.cpp, line 1390]
Event: 0.783 Thread 0x0000000002942800 Exception <a 'java/security/PrivilegedActionException'> (0x00000000ead0dbb8) thrown at [C:\re\workspace\8-2-build-windows-amd64-cygwin\jdk8u121\8372\hotspot\src\share\vm\prims\jvm.cpp, line 1390]
Event: 0.785 Thread 0x0000000002942800 Exception <a 'java/security/PrivilegedActionException'> (0x00000000ead11de0) thrown at [C:\re\workspace\8-2-build-windows-amd64-cygwin\jdk8u121\8372\hotspot\src\share\vm\prims\jvm.cpp, line 1390]
Event: 0.785 Thread 0x0000000002942800 Exception <a 'java/security/PrivilegedActionException'> (0x00000000ead123c0) thrown at [C:\re\workspace\8-2-build-windows-amd64-cygwin\jdk8u121\8372\hotspot\src\share\vm\prims\jvm.cpp, line 1390]
Event: 4.456 Thread 0x0000000002942800 Exception <a 'java/io/FileNotFoundException'> (0x00000000ecc6c1c8) thrown at [C:\re\workspace\8-2-build-windows-amd64-cygwin\jdk8u121\8372\hotspot\src\share\vm\prims\jni.cpp, line 709]
Event: 11.403 Thread 0x000000001b769800 Exception <a 'java/io/FileNotFoundException'> (0x00000000ec973f08) thrown at [C:\re\workspace\8-2-build-windows-amd64-cygwin\jdk8u121\8372\hotspot\src\share\vm\prims\jni.cpp, line 709]
Event: 12.003 Thread 0x0000000002942800 Exception <a 'java/security/PrivilegedActionException'> (0x00000000ed33fec0) thrown at [C:\re\workspace\8-2-build-windows-amd64-cygwin\jdk8u121\8372\hotspot\src\share\vm\prims\jvm.cpp, line 1390]
Event: 12.003 Thread 0x0000000002942800 Exception <a 'java/security/PrivilegedActionException'> (0x00000000ed340688) thrown at [C:\re\workspace\8-2-build-windows-amd64-cygwin\jdk8u121\8372\hotspot\src\share\vm\prims\jvm.cpp, line 1390]

Events (10 events):
Event: 13.369 Thread 0x0000000002942800 DEOPT UNPACKING pc=0x0000000002a8582a sp=0x000000000293db10 mode 2
Event: 13.369 Thread 0x0000000002942800 Uncommon trap: trap_request=0xffffffc6 fr.pc=0x0000000003002f30
Event: 13.369 Thread 0x0000000002942800 DEOPT PACKING pc=0x0000000003002f30 sp=0x000000000293dc90
Event: 13.369 Thread 0x0000000002942800 DEOPT UNPACKING pc=0x0000000002a8582a sp=0x000000000293dbd0 mode 2
Event: 13.372 Thread 0x0000000002942800 Uncommon trap: trap_request=0xffffffc6 fr.pc=0x0000000003002f30
Event: 13.372 Thread 0x0000000002942800 DEOPT PACKING pc=0x0000000003002f30 sp=0x000000000293dca0
Event: 13.372 Thread 0x0000000002942800 DEOPT UNPACKING pc=0x0000000002a8582a sp=0x000000000293dbe0 mode 2
Event: 13.372 Thread 0x0000000002942800 Uncommon trap: trap_request=0xffffffc6 fr.pc=0x0000000002feb718
Event: 13.372 Thread 0x0000000002942800 DEOPT PACKING pc=0x0000000002feb718 sp=0x000000000293db40
Event: 13.372 Thread 0x0000000002942800 DEOPT UNPACKING pc=0x0000000002a8582a sp=0x000000000293db08 mode 2


Dynamic libraries:
0x00007ff722cb0000 - 0x00007ff722ce7000 	C:\ProgramData\Oracle\Java\javapath\java.exe
0x00007ffde8140000 - 0x00007ffde8302000 	C:\Windows\SYSTEM32\ntdll.dll
0x00007ffde5820000 - 0x00007ffde58cd000 	C:\Windows\system32\KERNEL32.DLL
0x00007ffde4c10000 - 0x00007ffde4ded000 	C:\Windows\system32\KERNELBASE.dll
0x00007ffde58d0000 - 0x00007ffde5976000 	C:\Windows\system32\ADVAPI32.dll
0x00007ffde7730000 - 0x00007ffde77cd000 	C:\Windows\system32\msvcrt.dll
0x00007ffde7920000 - 0x00007ffde797b000 	C:\Windows\system32\sechost.dll
0x00007ffde7140000 - 0x00007ffde7266000 	C:\Windows\system32\RPCRT4.dll
0x00007ffde7a90000 - 0x00007ffde7bde000 	C:\Windows\system32\USER32.dll
0x00007ffde7270000 - 0x00007ffde73f5000 	C:\Windows\system32\GDI32.dll
0x00007ffddc190000 - 0x00007ffddc404000 	C:\Windows\WinSxS\amd64_microsoft.windows.common-controls_6595b64144ccf1df_6.0.10240.16384_none_f41f7b285750ef43\COMCTL32.dll
0x00007ffde5980000 - 0x00007ffde59b6000 	C:\Windows\system32\IMM32.DLL
0x00007ffde7400000 - 0x00007ffde755c000 	C:\Windows\system32\MSCTF.dll
0x00000000623e0000 - 0x00000000624b2000 	C:\Program Files\Java\jre1.8.0_121\bin\msvcr100.dll
0x0000000061b40000 - 0x00000000623db000 	C:\Program Files\Java\jre1.8.0_121\bin\server\jvm.dll
0x00007ffde5ab0000 - 0x00007ffde5ab8000 	C:\Windows\system32\PSAPI.DLL
0x00007ffddb030000 - 0x00007ffddb039000 	C:\Windows\SYSTEM32\WSOCK32.dll
0x00007ffde7df0000 - 0x00007ffde7e59000 	C:\Windows\system32\WS2_32.dll
0x00007ffde5810000 - 0x00007ffde5818000 	C:\Windows\system32\NSI.dll
0x00007ffde1af0000 - 0x00007ffde1b13000 	C:\Windows\SYSTEM32\WINMM.dll
0x00007ffddb000000 - 0x00007ffddb00a000 	C:\Windows\SYSTEM32\VERSION.dll
0x00007ffde1ac0000 - 0x00007ffde1aec000 	C:\Windows\SYSTEM32\WINMMBASE.dll
0x00007ffde4df0000 - 0x00007ffde4e34000 	C:\Windows\system32\cfgmgr32.dll
0x00007ffde3440000 - 0x00007ffde3467000 	C:\Windows\SYSTEM32\DEVOBJ.dll
0x0000000062900000 - 0x000000006290f000 	C:\Program Files\Java\jre1.8.0_121\bin\verify.dll
0x00000000628d0000 - 0x00000000628f9000 	C:\Program Files\Java\jre1.8.0_121\bin\java.dll
0x0000000061b20000 - 0x0000000061b36000 	C:\Program Files\Java\jre1.8.0_121\bin\zip.dll
0x00007ffde5ba0000 - 0x00007ffde70c5000 	C:\Windows\system32\SHELL32.dll
0x00007ffde51e0000 - 0x00007ffde5808000 	C:\Windows\system32\windows.storage.dll
0x00007ffde7e60000 - 0x00007ffde80dc000 	C:\Windows\system32\combase.dll
0x00007ffde7be0000 - 0x00007ffde7c31000 	C:\Windows\system32\shlwapi.dll
0x00007ffde4c00000 - 0x00007ffde4c0f000 	C:\Windows\system32\kernel.appcore.dll
0x00007ffde5120000 - 0x00007ffde51d3000 	C:\Windows\system32\shcore.dll
0x00007ffde4b90000 - 0x00007ffde4bda000 	C:\Windows\system32\powrprof.dll
0x00007ffde4b70000 - 0x00007ffde4b83000 	C:\Windows\system32\profapi.dll
0x0000000061b00000 - 0x0000000061b1a000 	C:\Program Files\Java\jre1.8.0_121\bin\net.dll
0x00007ffde4380000 - 0x00007ffde43dd000 	C:\Windows\system32\mswsock.dll
0x0000000061ae0000 - 0x0000000061af1000 	C:\Program Files\Java\jre1.8.0_121\bin\nio.dll
0x00007ffde43e0000 - 0x00007ffde43f7000 	C:\Windows\SYSTEM32\CRYPTSP.dll
0x00007ffde4aa0000 - 0x00007ffde4ac8000 	C:\Windows\SYSTEM32\bcrypt.dll
0x00007ffde4030000 - 0x00007ffde4063000 	C:\Windows\system32\rsaenh.dll
0x00007ffde4160000 - 0x00007ffde417f000 	C:\Windows\SYSTEM32\USERENV.dll
0x00007ffde4930000 - 0x00007ffde499b000 	C:\Windows\system32\bcryptprimitives.dll
0x00007ffde4530000 - 0x00007ffde453b000 	C:\Windows\SYSTEM32\CRYPTBASE.dll
0x00007ffddf120000 - 0x00007ffddf158000 	C:\Windows\SYSTEM32\IPHLPAPI.DLL
0x00007ffddf110000 - 0x00007ffddf11b000 	C:\Windows\SYSTEM32\WINNSI.DLL
0x00007ffdde1b0000 - 0x00007ffdde1c6000 	C:\Windows\SYSTEM32\dhcpcsvc6.DLL
0x00007ffdde190000 - 0x00007ffdde1aa000 	C:\Windows\SYSTEM32\dhcpcsvc.DLL
0x00007ffdde940000 - 0x00007ffdde94a000 	C:\Users\BPRadmin\AppData\Local\Temp\jansi-64-1-6444489816373750142.11
0x00007ffdd88d0000 - 0x00007ffdd8a5a000 	C:\Windows\SYSTEM32\dbghelp.dll

VM Arguments:
jvm_args: -Xms512M -Xmx1024M -Xss1M -XX:+CMSClassUnloadingEnabled -XX:MaxPermSize=256M -Dfile.encoding=UTF-8 -Dinput.encoding=Cp1252 -Dplay.version=2.2.6 -Dsbt.ivy.home=C:\play\framework\..\repository -Dplay.home=C:\play\framework\. -Dsbt.boot.properties=file:///C:/play/framework/sbt/sbt.boot.properties -Dsbt.scala.version=2.10.3 
java_command: C:\play\framework\sbt\sbt-launch.jar clean
java_class_path (initial): C:\play\framework\sbt\sbt-launch.jar
Launcher Type: SUN_STANDARD

Environment Variables:
PATH=C:\Popay\product\11.2.0\dbhome_1\bin;C:\Program Files (x86)\Common Files\NetSarang;C:\ProgramData\Oracle\Java\javapath;C:\Oracle\product\11.2.0\dbhome_1\bin;C:\Windows\system32;C:\Windows;C:\Windows\System32\Wbem;C:\Windows\System32\WindowsPowerShell\v1.0\;C:\Program Files (x86)\Microsoft SQL Server\110\DTS\Binn\;C:\Program Files (x86)\Microsoft SQL Server\110\Tools\Binn\ManagementStudio\;C:\Program Files (x86)\Microsoft SQL Server\110\Tools\Binn\;C:\Program Files (x86)\Microsoft Visual Studio 10.0\Common7\IDE\PrivateAssemblies\;C:\Program Files (x86)\Bluefish\GTK2-Runtime\bin;C:\Program Files (x86)\nodejs\;C:\Program Files (x86)\GTK2-Runtime\bin;C:\xampp\php;C:\ProgramData\ComposerSetup\bin;C:\xampp1\php;C:\Program Files (x86)\Skype\Phone\;C:\play;C:\Program Files (x86)\Java\jdk1.8.0_66\bin;C:\Users\BPRadmin\AppData\Roaming\npm;C:\Users\BPRadmin\AppData\Roaming\Composer\vendor\bin;C:\play
USERNAME=BPRAdmin
OS=Windows_NT
PROCESSOR_IDENTIFIER=Intel64 Family 6 Model 42 Stepping 7, GenuineIntel



---------------  S Y S T E M  ---------------

OS: Windows 10.0 , 64 bit Build 10240 (10.0.10240.16384)

CPU:total 4 (2 cores per cpu, 2 threads per core) family 6 model 42 stepping 7, cmov, cx8, fxsr, mmx, sse, sse2, sse3, ssse3, sse4.1, sse4.2, popcnt, avx, clmul, ht, tsc, tscinvbit

Memory: 4k page, physical 8321396k(3227576k free), swap 11007916k(3169444k free)

vm_info: Java HotSpot(TM) 64-Bit Server VM (25.121-b13) for windows-amd64 JRE (1.8.0_121-b13), built on Dec 12 2016 18:21:36 by "java_re" with MS VC++ 10.0 (VS2010)

time: Wed Jul 05 11:47:55 2017
elapsed time: 13 seconds (0d 0h 0m 13s)

