#
# A fatal error has been detected by the Java Runtime Environment:
#
#  EXCEPTION_ACCESS_VIOLATION (0xc0000005) at pc=0x0000000061fe1970, pid=8128, tid=0x00000000000008ac
#
# JRE version: Java(TM) SE Runtime Environment (8.0_121-b13) (build 1.8.0_121-b13)
# Java VM: Java HotSpot(TM) 64-Bit Server VM (25.121-b13 mixed mode windows-amd64 compressed oops)
# Problematic frame:
# V  [jvm.dll+0x4a1970]
#
# Failed to write core dump. Minidumps are not enabled by default on client versions of Windows
#
# If you would like to submit a bug report, please visit:
#   http://bugreport.java.com/bugreport/crash.jsp
#

---------------  T H R E A D  ---------------

Current thread (0x0000000015487000):  JavaThread "C2 CompilerThread1" daemon [_thread_in_native, id=2220, stack(0x0000000016bb0000,0x0000000016cb0000)]

siginfo: ExceptionCode=0xc0000005, reading address 0xffffffffffffffff

Registers:
RAX=0x0000000000000000, RBX=0x000000001c75d9f0, RCX=0x000100006235be10, RDX=0x0000000000000000
RSP=0x0000000016cac4a0, RBP=0x000000000000001d, RSI=0x00000000000000e8, RDI=0x0000000016cac4f0
R8 =0x0000000000000040, R9 =0x000000001d4c0a60, R10=0x0000000061b40000, R11=0x0000000016cac3c0
R12=0x000000006235be10, R13=0x0000000061b40000, R14=0x000000001549dc58, R15=0x00000000000003d8
RIP=0x0000000061fe1970, EFLAGS=0x0000000000010246

Top of Stack: (sp=0x0000000016cac4a0)
0x0000000016cac4a0:   0000000016caec70 000000001c7a8b30
0x0000000016cac4b0:   fffffffffffffff8 00000000154462d0
0x0000000016cac4c0:   00000000000024c6 0000000061fdca3f
0x0000000016cac4d0:   000000001c87b8f0 000000001c75d9f0
0x0000000016cac4e0:   00000000000024c6 0000000016cac5d0
0x0000000016cac4f0:   0000082a00000000 0000000000000002
0x0000000016cac500:   000100006235be10 0000000000000009
0x0000000016cac510:   0000000018ccbd08 0000000000000047
0x0000000016cac520:   000000001c87bc10 0000000016cac8c0
0x0000000016cac530:   000000001549d880 0000000016cac8c0
0x0000000016cac540:   000000001549d870 0000000061fa8c11
0x0000000016cac550:   0000000000000000 0000000016cac650
0x0000000016cac560:   0000000000000000 0000000000000009
0x0000000016cac570:   0000000000000002 000000001549d870
0x0000000016cac580:   000000001d4bbf00 000000001d4c0b90
0x0000000016cac590:   000000001d4c3ee8 000000000156b6d8 

Instructions: (pc=0x0000000061fe1970)
0x0000000061fe1950:   48 8b 4f 20 48 39 04 0e 0f 84 9d 00 00 00 48 8b
0x0000000061fe1960:   0c 0e 33 d2 33 c0 48 89 4f 10 66 0f 1f 44 00 00
0x0000000061fe1970:   83 3c 08 00 0f 85 36 01 00 00 ff c2 48 83 c0 04
0x0000000061fe1980:   83 fa 08 72 eb 48 8b 47 30 48 89 44 24 30 48 85 


Register to memory mapping:

RAX=0x0000000000000000 is an unknown value
RBX=0x000000001c75d9f0 is an unknown value
RCX=0x000100006235be10 is an unknown value
RDX=0x0000000000000000 is an unknown value
RSP=0x0000000016cac4a0 is pointing into the stack for thread: 0x0000000015487000
RBP=0x000000000000001d is an unknown value
RSI=0x00000000000000e8 is an unknown value
RDI=0x0000000016cac4f0 is pointing into the stack for thread: 0x0000000015487000
R8 =0x0000000000000040 is an unknown value
R9 =0x000000001d4c0a60 is an unknown value
R10=0x0000000061b40000 is an unknown value
R11=0x0000000016cac3c0 is pointing into the stack for thread: 0x0000000015487000
R12=0x000000006235be10 is an unknown value
R13=0x0000000061b40000 is an unknown value
R14=0x000000001549dc58 is an unknown value
R15=0x00000000000003d8 is an unknown value


Stack: [0x0000000016bb0000,0x0000000016cb0000],  sp=0x0000000016cac4a0,  free space=1009k
Native frames: (J=compiled Java code, j=interpreted, Vv=VM code, C=native code)
V  [jvm.dll+0x4a1970]
V  [jvm.dll+0x49ca3f]
V  [jvm.dll+0x468c11]
V  [jvm.dll+0x473f5b]
V  [jvm.dll+0x476867]
V  [jvm.dll+0x4591e2]
V  [jvm.dll+0xa5ca2]
V  [jvm.dll+0xa65df]
V  [jvm.dll+0x244e1f]
V  [jvm.dll+0x29c69a]
C  [msvcr100.dll+0x21d9f]
C  [msvcr100.dll+0x21e3b]
C  [KERNEL32.DLL+0x12d92]
C  [ntdll.dll+0x9f64]


Current CompileTask:
C2:   3604  827       4       java.net.URLClassLoader$1::run (5 bytes)


---------------  P R O C E S S  ---------------

Java Threads: ( => current thread )
  0x0000000016de0800 JavaThread "Service Thread" daemon [_thread_blocked, id=2792, stack(0x00000000171b0000,0x00000000172b0000)]
  0x000000001548b800 JavaThread "C1 CompilerThread2" daemon [_thread_blocked, id=10872, stack(0x0000000016cb0000,0x0000000016db0000)]
=>0x0000000015487000 JavaThread "C2 CompilerThread1" daemon [_thread_in_native, id=2220, stack(0x0000000016bb0000,0x0000000016cb0000)]
  0x0000000015481800 JavaThread "C2 CompilerThread0" daemon [_thread_in_native, id=8628, stack(0x0000000016ab0000,0x0000000016bb0000)]
  0x000000001547e800 JavaThread "Attach Listener" daemon [_thread_blocked, id=11008, stack(0x00000000169b0000,0x0000000016ab0000)]
  0x000000001547b800 JavaThread "Signal Dispatcher" daemon [_thread_blocked, id=8268, stack(0x00000000168b0000,0x00000000169b0000)]
  0x000000001546a000 JavaThread "Finalizer" daemon [_thread_blocked, id=7520, stack(0x00000000166d0000,0x00000000167d0000)]
  0x0000000015449000 JavaThread "Reference Handler" daemon [_thread_blocked, id=10984, stack(0x00000000165d0000,0x00000000166d0000)]
  0x0000000002c92800 JavaThread "main" [_thread_in_vm, id=2692, stack(0x0000000002b90000,0x0000000002c90000)]

Other Threads:
  0x0000000015447000 VMThread [stack: 0x00000000164d0000,0x00000000165d0000] [id=9484]
  0x0000000016de3800 WatcherThread [stack: 0x00000000172b0000,0x00000000173b0000] [id=2740]

VM state:not at safepoint (normal execution)

VM Mutex/Monitor currently owned by a thread: None

Heap:
 PSYoungGen      total 153088K, used 81616K [0x00000000eab00000, 0x00000000f5580000, 0x0000000100000000)
  eden space 131584K, 62% used [0x00000000eab00000,0x00000000efab42f0,0x00000000f2b80000)
  from space 21504K, 0% used [0x00000000f4080000,0x00000000f4080000,0x00000000f5580000)
  to   space 21504K, 0% used [0x00000000f2b80000,0x00000000f2b80000,0x00000000f4080000)
 ParOldGen       total 349696K, used 0K [0x00000000c0000000, 0x00000000d5580000, 0x00000000eab00000)
  object space 349696K, 0% used [0x00000000c0000000,0x00000000c0000000,0x00000000d5580000)
 Metaspace       used 18497K, capacity 18806K, committed 19072K, reserved 1064960K
  class space    used 3357K, capacity 3434K, committed 3456K, reserved 1048576K

Card table byte_map: [0x0000000012150000,0x0000000012360000] byte_map_base: 0x0000000011b50000

Marking Bits: (ParMarkBitMap*) 0x000000006235b6d0
 Begin Bits: [0x00000000128c0000, 0x00000000138c0000)
 End Bits:   [0x00000000138c0000, 0x00000000148c0000)

Polling page: 0x0000000002a40000

CodeCache: size=245760Kb used=3207Kb max_used=3255Kb free=242552Kb
 bounds [0x0000000002d90000, 0x00000000030c0000, 0x0000000011d90000]
 total_blobs=1393 nmethods=1012 adapters=293
 compilation: enabled

Compilation events (10 events):
Event: 3.515 Thread 0x000000001548b800 1020       2       sbt.Scoped$DefinableSetting$class::$init$ (1 bytes)
Event: 3.515 Thread 0x000000001548b800 nmethod 1020 0x00000000030af450 code [0x00000000030af5a0, 0x00000000030af6d0]
Event: 3.517 Thread 0x000000001548b800 1021       2       sbt.SettingKey::<init> (25 bytes)
Event: 3.518 Thread 0x000000001548b800 nmethod 1021 0x00000000030af750 code [0x00000000030af8c0, 0x00000000030afaa8]
Event: 3.518 Thread 0x000000001548b800 1023       2       sbt.SettingKey::scopedKey (19 bytes)
Event: 3.518 Thread 0x000000001548b800 nmethod 1023 0x00000000030afb90 code [0x00000000030afd20, 0x00000000030aff68]
Event: 3.518 Thread 0x000000001548b800 1022       2       sbt.SettingKey::sbt$Init$KeyedInitialize$_setter_$transform_$eq (6 bytes)
Event: 3.519 Thread 0x000000001548b800 nmethod 1022 0x00000000030b0090 code [0x00000000030b01e0, 0x00000000030b0350]
Event: 3.529 Thread 0x000000001548b800 1024       1       java.util.HashMap::afterNodeAccess (1 bytes)
Event: 3.529 Thread 0x000000001548b800 nmethod 1024 0x00000000030b08d0 code [0x00000000030b0a20, 0x00000000030b0b30]

GC Heap History (0 events):
No events

Deoptimization events (10 events):
Event: 1.389 Thread 0x0000000002c92800 Uncommon trap: reason=unstable_if action=reinterpret pc=0x0000000002ec97d0 method=java.lang.String.startsWith(Ljava/lang/String;I)Z @ 25
Event: 2.770 Thread 0x0000000002c92800 Uncommon trap: reason=class_check action=maybe_recompile pc=0x0000000002f2f2a8 method=sun.misc.URLClassPath.getLoader(I)Lsun/misc/URLClassPath$Loader; @ 94
Event: 2.770 Thread 0x0000000002c92800 Uncommon trap: reason=class_check action=maybe_recompile pc=0x0000000002fd8778 method=sun.misc.URLClassPath.getResource(Ljava/lang/String;Z)Lsun/misc/Resource; @ 62
Event: 2.775 Thread 0x0000000002c92800 Uncommon trap: reason=class_check action=maybe_recompile pc=0x0000000002f2f2e0 method=sun.misc.URLClassPath.getLoader(I)Lsun/misc/URLClassPath$Loader; @ 239
Event: 2.775 Thread 0x0000000002c92800 Uncommon trap: reason=unstable_if action=reinterpret pc=0x0000000002fdcb9c method=java.util.concurrent.ConcurrentHashMap.putVal(Ljava/lang/Object;Ljava/lang/Object;Z)Ljava/lang/Object; @ 181
Event: 2.778 Thread 0x0000000002c92800 Uncommon trap: reason=class_check action=maybe_recompile pc=0x0000000002f2f2a8 method=sun.misc.URLClassPath.getLoader(I)Lsun/misc/URLClassPath$Loader; @ 94
Event: 2.780 Thread 0x0000000002c92800 Uncommon trap: reason=class_check action=maybe_recompile pc=0x0000000002f2f2e0 method=sun.misc.URLClassPath.getLoader(I)Lsun/misc/URLClassPath$Loader; @ 239
Event: 2.784 Thread 0x0000000002c92800 Uncommon trap: reason=class_check action=maybe_recompile pc=0x0000000002f2d960 method=sun.misc.URLClassPath.getLoader(I)Lsun/misc/URLClassPath$Loader; @ 94
Event: 3.340 Thread 0x0000000002c92800 Uncommon trap: reason=unstable_if action=reinterpret pc=0x0000000002fb6218 method=java.util.HashMap.getNode(ILjava/lang/Object;)Ljava/util/HashMap$Node; @ 116
Event: 3.353 Thread 0x0000000002c92800 Uncommon trap: reason=unstable_if action=reinterpret pc=0x0000000002faf0e8 method=java.util.HashMap.getNode(ILjava/lang/Object;)Ljava/util/HashMap$Node; @ 116

Internal exceptions (7 events):
Event: 0.044 Thread 0x0000000002c92800 Exception <a 'java/lang/NoSuchMethodError': Method sun.misc.Unsafe.defineClass(Ljava/lang/String;[BII)Ljava/lang/Class; name or signature does not match> (0x00000000eab07ca8) thrown at [C:\re\workspace\8-2-build-windows-amd64-cygwin\jdk8u121\8372\hotspot\
Event: 0.044 Thread 0x0000000002c92800 Exception <a 'java/lang/NoSuchMethodError': Method sun.misc.Unsafe.prefetchRead(Ljava/lang/Object;J)V name or signature does not match> (0x00000000eab07f90) thrown at [C:\re\workspace\8-2-build-windows-amd64-cygwin\jdk8u121\8372\hotspot\src\share\vm\prims
Event: 0.282 Thread 0x0000000002c92800 Exception <a 'java/security/PrivilegedActionException'> (0x00000000ead0d5e0) thrown at [C:\re\workspace\8-2-build-windows-amd64-cygwin\jdk8u121\8372\hotspot\src\share\vm\prims\jvm.cpp, line 1390]
Event: 0.282 Thread 0x0000000002c92800 Exception <a 'java/security/PrivilegedActionException'> (0x00000000ead0dbc0) thrown at [C:\re\workspace\8-2-build-windows-amd64-cygwin\jdk8u121\8372\hotspot\src\share\vm\prims\jvm.cpp, line 1390]
Event: 0.284 Thread 0x0000000002c92800 Exception <a 'java/security/PrivilegedActionException'> (0x00000000ead11de8) thrown at [C:\re\workspace\8-2-build-windows-amd64-cygwin\jdk8u121\8372\hotspot\src\share\vm\prims\jvm.cpp, line 1390]
Event: 0.284 Thread 0x0000000002c92800 Exception <a 'java/security/PrivilegedActionException'> (0x00000000ead123c8) thrown at [C:\re\workspace\8-2-build-windows-amd64-cygwin\jdk8u121\8372\hotspot\src\share\vm\prims\jvm.cpp, line 1390]
Event: 1.442 Thread 0x0000000002c92800 Exception <a 'java/io/FileNotFoundException'> (0x00000000ecc6bf58) thrown at [C:\re\workspace\8-2-build-windows-amd64-cygwin\jdk8u121\8372\hotspot\src\share\vm\prims\jni.cpp, line 709]

Events (10 events):
Event: 3.526 loading class sbinary/CoreProtocol
Event: 3.526 loading class sbinary/CoreProtocol done
Event: 3.527 loading class sbinary/Protocol
Event: 3.527 loading class sbinary/Protocol done
Event: 3.528 loading class sbinary/LowPriorityCollectionTypes
Event: 3.528 loading class sbinary/LowPriorityCollectionTypes done
Event: 3.528 loading class sbinary/Generic
Event: 3.528 loading class sbinary/Generic done
Event: 3.529 loading class sbinary/JavaFormats
Event: 3.529 loading class sbinary/JavaFormats done


Dynamic libraries:
0x00007ff722cb0000 - 0x00007ff722ce7000 	C:\ProgramData\Oracle\Java\javapath\java.exe
0x00007ffde8140000 - 0x00007ffde8302000 	C:\Windows\SYSTEM32\ntdll.dll
0x00007ffde5820000 - 0x00007ffde58cd000 	C:\Windows\system32\KERNEL32.DLL
0x00007ffde4c10000 - 0x00007ffde4ded000 	C:\Windows\system32\KERNELBASE.dll
0x00007ffde58d0000 - 0x00007ffde5976000 	C:\Windows\system32\ADVAPI32.dll
0x00007ffde7730000 - 0x00007ffde77cd000 	C:\Windows\system32\msvcrt.dll
0x00007ffde7920000 - 0x00007ffde797b000 	C:\Windows\system32\sechost.dll
0x00007ffde7140000 - 0x00007ffde7266000 	C:\Windows\system32\RPCRT4.dll
0x00007ffde7a90000 - 0x00007ffde7bde000 	C:\Windows\system32\USER32.dll
0x00007ffde7270000 - 0x00007ffde73f5000 	C:\Windows\system32\GDI32.dll
0x00007ffddc190000 - 0x00007ffddc404000 	C:\Windows\WinSxS\amd64_microsoft.windows.common-controls_6595b64144ccf1df_6.0.10240.16384_none_f41f7b285750ef43\COMCTL32.dll
0x00007ffde5980000 - 0x00007ffde59b6000 	C:\Windows\system32\IMM32.DLL
0x00007ffde7400000 - 0x00007ffde755c000 	C:\Windows\system32\MSCTF.dll
0x00000000623e0000 - 0x00000000624b2000 	C:\Program Files\Java\jre1.8.0_121\bin\msvcr100.dll
0x0000000061b40000 - 0x00000000623db000 	C:\Program Files\Java\jre1.8.0_121\bin\server\jvm.dll
0x00007ffde5ab0000 - 0x00007ffde5ab8000 	C:\Windows\system32\PSAPI.DLL
0x00007ffddb000000 - 0x00007ffddb00a000 	C:\Windows\SYSTEM32\VERSION.dll
0x00007ffddb030000 - 0x00007ffddb039000 	C:\Windows\SYSTEM32\WSOCK32.dll
0x00007ffde1af0000 - 0x00007ffde1b13000 	C:\Windows\SYSTEM32\WINMM.dll
0x00007ffde7df0000 - 0x00007ffde7e59000 	C:\Windows\system32\WS2_32.dll
0x0000000002a10000 - 0x0000000002a3c000 	C:\Windows\SYSTEM32\WINMMBASE.dll
0x00007ffde5810000 - 0x00007ffde5818000 	C:\Windows\system32\NSI.dll
0x00007ffde4df0000 - 0x00007ffde4e34000 	C:\Windows\system32\cfgmgr32.dll
0x00007ffde3440000 - 0x00007ffde3467000 	C:\Windows\SYSTEM32\DEVOBJ.dll
0x0000000062900000 - 0x000000006290f000 	C:\Program Files\Java\jre1.8.0_121\bin\verify.dll
0x00000000628d0000 - 0x00000000628f9000 	C:\Program Files\Java\jre1.8.0_121\bin\java.dll
0x0000000061b20000 - 0x0000000061b36000 	C:\Program Files\Java\jre1.8.0_121\bin\zip.dll
0x00007ffde5ba0000 - 0x00007ffde70c5000 	C:\Windows\system32\SHELL32.dll
0x00007ffde51e0000 - 0x00007ffde5808000 	C:\Windows\system32\windows.storage.dll
0x00007ffde7e60000 - 0x00007ffde80dc000 	C:\Windows\system32\combase.dll
0x00007ffde7be0000 - 0x00007ffde7c31000 	C:\Windows\system32\shlwapi.dll
0x00007ffde4c00000 - 0x00007ffde4c0f000 	C:\Windows\system32\kernel.appcore.dll
0x00007ffde5120000 - 0x00007ffde51d3000 	C:\Windows\system32\shcore.dll
0x00007ffde4b90000 - 0x00007ffde4bda000 	C:\Windows\system32\powrprof.dll
0x00007ffde4b70000 - 0x00007ffde4b83000 	C:\Windows\system32\profapi.dll
0x0000000061b00000 - 0x0000000061b1a000 	C:\Program Files\Java\jre1.8.0_121\bin\net.dll
0x00007ffde4380000 - 0x00007ffde43dd000 	C:\Windows\system32\mswsock.dll
0x0000000061ae0000 - 0x0000000061af1000 	C:\Program Files\Java\jre1.8.0_121\bin\nio.dll
0x00007ffde43e0000 - 0x00007ffde43f7000 	C:\Windows\SYSTEM32\CRYPTSP.dll
0x00007ffde4aa0000 - 0x00007ffde4ac8000 	C:\Windows\SYSTEM32\bcrypt.dll
0x00007ffde4030000 - 0x00007ffde4063000 	C:\Windows\system32\rsaenh.dll
0x00007ffde4160000 - 0x00007ffde417f000 	C:\Windows\SYSTEM32\USERENV.dll
0x00007ffde4930000 - 0x00007ffde499b000 	C:\Windows\system32\bcryptprimitives.dll
0x00007ffde4530000 - 0x00007ffde453b000 	C:\Windows\SYSTEM32\CRYPTBASE.dll
0x00007ffddf120000 - 0x00007ffddf158000 	C:\Windows\SYSTEM32\IPHLPAPI.DLL
0x00007ffddf110000 - 0x00007ffddf11b000 	C:\Windows\SYSTEM32\WINNSI.DLL
0x00007ffdde1b0000 - 0x00007ffdde1c6000 	C:\Windows\SYSTEM32\dhcpcsvc6.DLL
0x00007ffdde190000 - 0x00007ffdde1aa000 	C:\Windows\SYSTEM32\dhcpcsvc.DLL
0x00007ffdde940000 - 0x00007ffdde94a000 	C:\Users\BPRadmin\AppData\Local\Temp\jansi-64-1-2658921460492595520.11
0x00007ffdd88d0000 - 0x00007ffdd8a5a000 	C:\Windows\SYSTEM32\dbghelp.dll

VM Arguments:
jvm_args: -Xms512M -Xmx1024M -Xss1M -XX:+CMSClassUnloadingEnabled -XX:MaxPermSize=256M -Dfile.encoding=UTF-8 -Dinput.encoding=Cp1252 -Dplay.version=2.2.6 -Dsbt.ivy.home=C:\play\framework\..\repository -Dplay.home=C:\play\framework\. -Dsbt.boot.properties=file:///C:/play/framework/sbt/sbt.boot.properties -Dsbt.scala.version=2.10.3 
java_command: C:\play\framework\sbt\sbt-launch.jar compile
java_class_path (initial): C:\play\framework\sbt\sbt-launch.jar
Launcher Type: SUN_STANDARD

Environment Variables:
PATH=C:\Popay\product\11.2.0\dbhome_1\bin;C:\Program Files (x86)\Common Files\NetSarang;C:\ProgramData\Oracle\Java\javapath;C:\Oracle\product\11.2.0\dbhome_1\bin;C:\Windows\system32;C:\Windows;C:\Windows\System32\Wbem;C:\Windows\System32\WindowsPowerShell\v1.0\;C:\Program Files (x86)\Microsoft SQL Server\110\DTS\Binn\;C:\Program Files (x86)\Microsoft SQL Server\110\Tools\Binn\ManagementStudio\;C:\Program Files (x86)\Microsoft SQL Server\110\Tools\Binn\;C:\Program Files (x86)\Microsoft Visual Studio 10.0\Common7\IDE\PrivateAssemblies\;C:\Program Files (x86)\Bluefish\GTK2-Runtime\bin;C:\Program Files (x86)\nodejs\;C:\Program Files (x86)\GTK2-Runtime\bin;C:\xampp\php;C:\ProgramData\ComposerSetup\bin;C:\xampp1\php;C:\Program Files (x86)\Skype\Phone\;C:\play;C:\Program Files (x86)\Java\jdk1.8.0_66\bin;C:\Users\BPRadmin\AppData\Roaming\npm;C:\Users\BPRadmin\AppData\Roaming\Composer\vendor\bin;C:\play
USERNAME=BPRAdmin
OS=Windows_NT
PROCESSOR_IDENTIFIER=Intel64 Family 6 Model 42 Stepping 7, GenuineIntel



---------------  S Y S T E M  ---------------

OS: Windows 10.0 , 64 bit Build 10240 (10.0.10240.16384)

CPU:total 4 (2 cores per cpu, 2 threads per core) family 6 model 42 stepping 7, cmov, cx8, fxsr, mmx, sse, sse2, sse3, ssse3, sse4.1, sse4.2, popcnt, avx, clmul, ht, tsc, tscinvbit

Memory: 4k page, physical 8321396k(3308600k free), swap 11007916k(3299832k free)

vm_info: Java HotSpot(TM) 64-Bit Server VM (25.121-b13) for windows-amd64 JRE (1.8.0_121-b13), built on Dec 12 2016 18:21:36 by "java_re" with MS VC++ 10.0 (VS2010)

time: Wed Jul 05 11:48:38 2017
elapsed time: 3 seconds (0d 0h 0m 3s)

